<?xml version="1.0" encoding="UTF-8"?>
<!-- Generated by org.testng.reporters.JUnitReportReporter -->
<testsuite hostname="LT50548" failures="0" tests="2" name="org.catalyte.io.tests.scenarios.ApprenticeshipsPageTests" time="22.378" errors="0" timestamp="2025-09-03T14:31:41 EDT" skipped="0">
  <testcase classname="org.catalyte.io.tests.scenarios.ApprenticeshipsPageTests" name="verifyAllKeyElementsOfHowItWorksSectionPresent" time="0.100"/>
  <testcase classname="org.catalyte.io.tests.scenarios.ApprenticeshipsPageTests" name="regressionTestForAllApprenticeshipLinks_CheckNavigationFunctionality" time="22.278"/>
</testsuite> <!-- org.catalyte.io.tests.scenarios.ApprenticeshipsPageTests -->
