<?xml version="1.0" encoding="UTF-8"?>
<!-- Generated by org.testng.reporters.JUnitReportReporter -->
<testsuite hostname="LT50548" failures="0" tests="5" name="org.catalyte.io.tests.scenarios.HireApprenticeSectionTests" time="1.629" errors="0" timestamp="2025-09-03T14:53:40 EDT" skipped="0">
  <testcase classname="org.catalyte.io.tests.scenarios.HireApprenticeSectionTests" name="testAccordionsExistLenient" time="0.087"/>
  <testcase classname="org.catalyte.io.tests.scenarios.HireApprenticeSectionTests" name="testVideosExistLenient" time="0.070"/>
  <testcase classname="org.catalyte.io.tests.scenarios.HireApprenticeSectionTests" name="testImagesExistLenient" time="0.088"/>
  <testcase classname="org.catalyte.io.tests.scenarios.HireApprenticeSectionTests" name="testMenuTextItemsLenient" time="0.030"/>
  <testcase classname="org.catalyte.io.tests.scenarios.HireApprenticeSectionTests" name="testWorkWithUsButtonDisplayedAndFunctionsLenient" time="1.354"/>
</testsuite> <!-- org.catalyte.io.tests.scenarios.HireApprenticeSectionTests -->
