<?xml version="1.0" encoding="UTF-8"?>
<!-- Generated by org.testng.reporters.JUnitReportReporter -->
<testsuite hostname="LT50548" failures="0" tests="5" name="org.catalyte.io.tests.scenarios.ApprenticeshipsPageTests" time="27.446" errors="0" timestamp="2025-09-05T15:04:05 EDT" skipped="0">
  <testcase classname="org.catalyte.io.tests.scenarios.ApprenticeshipsPageTests" name="testAllFaqsButtonDisplayedAndFunctionsLenient" time="2.221"/>
  <testcase classname="org.catalyte.io.tests.scenarios.ApprenticeshipsPageTests" name="verifyAllKeyElementsOfHowItWorksSectionPresent" time="0.744"/>
  <testcase classname="org.catalyte.io.tests.scenarios.ApprenticeshipsPageTests" name="verifyAllOpportunityMetricsElementsPresent" time="4.922"/>
  <testcase classname="org.catalyte.io.tests.scenarios.ApprenticeshipsPageTests" name="faqAccordion_DisplaysExpectedText" time="2.584"/>
  <testcase classname="org.catalyte.io.tests.scenarios.ApprenticeshipsPageTests" name="regressionTestForAllApprenticeshipLinks_CheckNavigationFunctionality" time="16.975"/>
</testsuite> <!-- org.catalyte.io.tests.scenarios.ApprenticeshipsPageTests -->
