<?xml version="1.0" encoding="UTF-8"?>
<!-- Generated by org.testng.reporters.JUnitReportReporter -->
<testsuite hostname="LT50548" failures="0" tests="1" name="org.catalyte.io.tests.unit.HomepageDOMComparisonTest" time="2.114" errors="0" timestamp="2025-09-03T14:31:41 EDT" skipped="0">
  <testcase classname="org.catalyte.io.tests.unit.HomepageDOMComparisonTest" name="compareBaselineWithLivePageLenientThreshold" time="2.114"/>
</testsuite> <!-- org.catalyte.io.tests.unit.HomepageDOMComparisonTest -->
