<?xml version="1.0" encoding="UTF-8"?>
<!-- Generated by org.testng.reporters.JUnitReportReporter -->
<testsuite hostname="LT50548" failures="0" tests="5" name="org.catalyte.io.tests.scenarios.HireApprenticeSectionTests" time="1.881" errors="0" timestamp="2025-09-03T14:31:41 EDT" skipped="0">
  <testcase classname="org.catalyte.io.tests.scenarios.HireApprenticeSectionTests" name="testImagesExistLenient" time="0.191"/>
  <testcase classname="org.catalyte.io.tests.scenarios.HireApprenticeSectionTests" name="testMenuTextItemsLenient" time="0.033"/>
  <testcase classname="org.catalyte.io.tests.scenarios.HireApprenticeSectionTests" name="testWorkWithUsButtonDisplayedAndFunctionsLenient" time="1.335"/>
  <testcase classname="org.catalyte.io.tests.scenarios.HireApprenticeSectionTests" name="testVideosExistLenient" time="0.107"/>
  <testcase classname="org.catalyte.io.tests.scenarios.HireApprenticeSectionTests" name="testAccordionsExistLenient" time="0.215"/>
</testsuite> <!-- org.catalyte.io.tests.scenarios.HireApprenticeSectionTests -->
