<?xml version="1.0" encoding="UTF-8"?>
<!-- Generated by org.testng.reporters.JUnitReportReporter -->
<testsuite hostname="LT50548" failures="0" tests="2" name="org.catalyte.io.tests.scenarios.ApprenticeshipsPageTests" time="25.929" errors="0" timestamp="2025-09-03T14:53:40 EDT" skipped="0">
  <testcase classname="org.catalyte.io.tests.scenarios.ApprenticeshipsPageTests" name="regressionTestForAllApprenticeshipLinks_CheckNavigationFunctionality" time="25.858"/>
  <testcase classname="org.catalyte.io.tests.scenarios.ApprenticeshipsPageTests" name="verifyAllKeyElementsOfHowItWorksSectionPresent" time="0.071"/>
</testsuite> <!-- org.catalyte.io.tests.scenarios.ApprenticeshipsPageTests -->
