<?xml version="1.0" encoding="UTF-8"?>
<!-- Generated by org.testng.reporters.JUnitReportReporter -->
<testsuite hostname="LT50548" failures="0" tests="6" name="org.catalyte.io.tests.scenarios.HireApprenticeSectionTests" time="8.475" errors="0" timestamp="2025-09-05T15:04:05 EDT" skipped="0">
  <testcase classname="org.catalyte.io.tests.scenarios.HireApprenticeSectionTests" name="testWorkWithUsButtonDisplayedAndFunctionsLenient" time="2.263"/>
  <testcase classname="org.catalyte.io.tests.scenarios.HireApprenticeSectionTests" name="testVideosExistLenient" time="0.805"/>
  <testcase classname="org.catalyte.io.tests.scenarios.HireApprenticeSectionTests" name="testAllFaqsButtonDisplayedAndFunctionsLenient" time="1.559"/>
  <testcase classname="org.catalyte.io.tests.scenarios.HireApprenticeSectionTests" name="testMenuTextItemsLenient" time="0.774"/>
  <testcase classname="org.catalyte.io.tests.scenarios.HireApprenticeSectionTests" name="testImagesExistLenient" time="0.743"/>
  <testcase classname="org.catalyte.io.tests.scenarios.HireApprenticeSectionTests" name="faqAccordion_ExistsAndDisplaysExpectedText" time="2.331"/>
</testsuite> <!-- org.catalyte.io.tests.scenarios.HireApprenticeSectionTests -->
